# JRE version: OpenJDK Runtime Environment (11.0.11+9) (build 11.0.11+9-b60-7590822)
# Java VM: OpenJDK 64-Bit Server VM (11.0.11+9-b60-7590822, mixed mode, tiered, compressed oops, g1 gc, windows-amd64)
Heap:
 garbage-first heap   total 92160K, used 72273K [0x0000000080000000, 0x0000000100000000)
  region size 1024K, 16 young (16384K), 3 survivors (3072K)
 Metaspace       used 77038K, capacity 78787K, committed 78972K, reserved 1118208K
  class space    used 10036K, capacity 10728K, committed 10752K, reserved 1048576K
GC Heap History (20 events):
Event: 74.419 GC heap before
{Heap before GC invocations=33 (full 0):
 garbage-first heap   total 76800K, used 63896K [0x0000000080000000, 0x0000000100000000)
  region size 1024K, 13 young (13312K), 2 survivors (2048K)
 Metaspace       used 64748K, capacity 66285K, committed 66556K, reserved 1107968K
  class space    used 8211K, capacity 8813K, committed 8832K, reserved 1048576K
}
Event: 74.428 GC heap after
{Heap after GC invocations=34 (full 0):
 garbage-first heap   total 76800K, used 53554K [0x0000000080000000, 0x0000000100000000)
  region size 1024K, 1 young (1024K), 1 survivors (1024K)
 Metaspace       used 64748K, capacity 66285K, committed 66556K, reserved 1107968K
  class space    used 8211K, capacity 8813K, committed 8832K, reserved 1048576K
}
Event: 75.169 GC heap before
{Heap before GC invocations=34 (full 0):
 garbage-first heap   total 76800K, used 64818K [0x0000000080000000, 0x0000000100000000)
  region size 1024K, 12 young (12288K), 1 survivors (1024K)
 Metaspace       used 65539K, capacity 67063K, committed 67196K, reserved 1107968K
  class space    used 8300K, capacity 8880K, committed 8960K, reserved 1048576K
}
Event: 75.176 GC heap after
{Heap after GC invocations=35 (full 0):
 garbage-first heap   total 76800K, used 54517K [0x0000000080000000, 0x0000000100000000)
  region size 1024K, 2 young (2048K), 2 survivors (2048K)
 Metaspace       used 65539K, capacity 67063K, committed 67196K, reserved 1107968K
  class space    used 8300K, capacity 8880K, committed 8960K, reserved 1048576K
}
Event: 75.869 GC heap before
{Heap before GC invocations=36 (full 0):
 garbage-first heap   total 76800K, used 64757K [0x0000000080000000, 0x0000000100000000)
  region size 1024K, 12 young (12288K), 2 survivors (2048K)
 Metaspace       used 66581K, capacity 68119K, committed 68348K, reserved 1107968K
  class space    used 8453K, capacity 9040K, committed 9088K, reserved 1048576K
}
Event: 75.901 GC heap after
{Heap after GC invocations=37 (full 0):
 garbage-first heap   total 76800K, used 55238K [0x0000000080000000, 0x0000000100000000)
  region size 1024K, 2 young (2048K), 2 survivors (2048K)
 Metaspace       used 66581K, capacity 68119K, committed 68348K, reserved 1107968K
  class space    used 8453K, capacity 9040K, committed 9088K, reserved 1048576K
}
Event: 76.780 GC heap before
{Heap before GC invocations=37 (full 0):
 garbage-first heap   total 76800K, used 63430K [0x0000000080000000, 0x0000000100000000)
  region size 1024K, 11 young (11264K), 2 survivors (2048K)
 Metaspace       used 68005K, capacity 69576K, committed 69628K, reserved 1110016K
  class space    used 8741K, capacity 9335K, committed 9344K, reserved 1048576K
}
Event: 76.800 GC heap after
{Heap after GC invocations=38 (full 0):
 garbage-first heap   total 76800K, used 55661K [0x0000000080000000, 0x0000000100000000)
  region size 1024K, 2 young (2048K), 2 survivors (2048K)
 Metaspace       used 68005K, capacity 69576K, committed 69628K, reserved 1110016K
  class space    used 8741K, capacity 9335K, committed 9344K, reserved 1048576K
}
Event: 77.327 GC heap before
{Heap before GC invocations=39 (full 0):
 garbage-first heap   total 76800K, used 64877K [0x0000000080000000, 0x0000000100000000)
  region size 1024K, 11 young (11264K), 2 survivors (2048K)
 Metaspace       used 69260K, capacity 70819K, committed 70908K, reserved 1110016K
  class space    used 8952K, capacity 9532K, committed 9600K, reserved 1048576K
}
Event: 77.336 GC heap after
{Heap after GC invocations=40 (full 0):
 garbage-first heap   total 76800K, used 56328K [0x0000000080000000, 0x0000000100000000)
  region size 1024K, 2 young (2048K), 2 survivors (2048K)
 Metaspace       used 69260K, capacity 70819K, committed 70908K, reserved 1110016K
  class space    used 8952K, capacity 9532K, committed 9600K, reserved 1048576K
}
Event: 77.638 GC heap before
{Heap before GC invocations=40 (full 0):
 garbage-first heap   total 76800K, used 65544K [0x0000000080000000, 0x0000000100000000)
  region size 1024K, 11 young (11264K), 2 survivors (2048K)
 Metaspace       used 70103K, capacity 71615K, committed 71804K, reserved 1112064K
  class space    used 9059K, capacity 9646K, committed 9728K, reserved 1048576K
}
Event: 77.647 GC heap after
{Heap after GC invocations=41 (full 0):
 garbage-first heap   total 76800K, used 56958K [0x0000000080000000, 0x0000000100000000)
  region size 1024K, 2 young (2048K), 2 survivors (2048K)
 Metaspace       used 70103K, capacity 71615K, committed 71804K, reserved 1112064K
  class space    used 9059K, capacity 9646K, committed 9728K, reserved 1048576K
}
Event: 78.306 GC heap before
{Heap before GC invocations=42 (full 0):
 garbage-first heap   total 76800K, used 65150K [0x0000000080000000, 0x0000000100000000)
  region size 1024K, 10 young (10240K), 2 survivors (2048K)
 Metaspace       used 70700K, capacity 72333K, committed 72444K, reserved 1112064K
  class space    used 9149K, capacity 9794K, committed 9856K, reserved 1048576K
}
Event: 78.317 GC heap after
{Heap after GC invocations=43 (full 0):
 garbage-first heap   total 92160K, used 57646K [0x0000000080000000, 0x0000000100000000)
  region size 1024K, 2 young (2048K), 2 survivors (2048K)
 Metaspace       used 70700K, capacity 72333K, committed 72444K, reserved 1112064K
  class space    used 9149K, capacity 9794K, committed 9856K, reserved 1048576K
}
Event: 79.550 GC heap before
{Heap before GC invocations=43 (full 0):
 garbage-first heap   total 92160K, used 71982K [0x0000000080000000, 0x0000000100000000)
  region size 1024K, 16 young (16384K), 2 survivors (2048K)
 Metaspace       used 71805K, capacity 73430K, committed 73596K, reserved 1114112K
  class space    used 9315K, capacity 9920K, committed 9984K, reserved 1048576K
}
Event: 79.559 GC heap after
{Heap after GC invocations=44 (full 0):
 garbage-first heap   total 92160K, used 58621K [0x0000000080000000, 0x0000000100000000)
  region size 1024K, 2 young (2048K), 2 survivors (2048K)
 Metaspace       used 71805K, capacity 73430K, committed 73596K, reserved 1114112K
  class space    used 9315K, capacity 9920K, committed 9984K, reserved 1048576K
}
Event: 81.408 GC heap before
{Heap before GC invocations=45 (full 0):
 garbage-first heap   total 92160K, used 73981K [0x0000000080000000, 0x0000000100000000)
  region size 1024K, 17 young (17408K), 2 survivors (2048K)
 Metaspace       used 73551K, capacity 75184K, committed 75388K, reserved 1114112K
  class space    used 9585K, capacity 10183K, committed 10240K, reserved 1048576K
}
Event: 81.425 GC heap after
{Heap after GC invocations=46 (full 0):
 garbage-first heap   total 92160K, used 58950K [0x0000000080000000, 0x0000000100000000)
  region size 1024K, 2 young (2048K), 2 survivors (2048K)
 Metaspace       used 73551K, capacity 75184K, committed 75388K, reserved 1114112K
  class space    used 9585K, capacity 10183K, committed 10240K, reserved 1048576K
}
Event: 82.716 GC heap before
{Heap before GC invocations=46 (full 0):
 garbage-first heap   total 92160K, used 74310K [0x0000000080000000, 0x0000000100000000)
  region size 1024K, 17 young (17408K), 2 survivors (2048K)
 Metaspace       used 75951K, capacity 77598K, committed 77820K, reserved 1116160K
  class space    used 9895K, capacity 10528K, committed 10624K, reserved 1048576K
}
Event: 82.727 GC heap after
{Heap after GC invocations=47 (full 0):
 garbage-first heap   total 92160K, used 59985K [0x0000000080000000, 0x0000000100000000)
  region size 1024K, 3 young (3072K), 3 survivors (3072K)
 Metaspace       used 75951K, capacity 77598K, committed 77820K, reserved 1116160K
  class space    used 9895K, capacity 10528K, committed 10624K, reserved 1048576K
}

